# JRE version: Java(TM) SE Runtime Environment (8.0_77-b03) (build 1.8.0_77-b03)
# Java VM: Java HotSpot(TM) 64-Bit Server VM (25.77-b03 mixed mode windows-amd64 compressed oops)
Heap:
 PSYoungGen      total 111616K, used 27792K [0x00000000f7b00000, 0x00000000ffe00000, 0x0000000100000000)
  eden space 93184K, 13% used [0x00000000f7b00000,0x00000000f87a3828,0x00000000fd600000)
  from space 18432K, 80% used [0x00000000fea80000,0x00000000ff9008a8,0x00000000ffc80000)
  to   space 20480K, 0% used [0x00000000fd600000,0x00000000fd600000,0x00000000fea00000)
 ParOldGen       total 160256K, used 109400K [0x00000000e7000000, 0x00000000f0c80000, 0x00000000f7b00000)
  object space 160256K, 68% used [0x00000000e7000000,0x00000000edad6228,0x00000000f0c80000)
 Metaspace       used 44329K, capacity 44666K, committed 45352K, reserved 1089536K
  class space    used 5214K, capacity 5330K, committed 5424K, reserved 1048576K
GC Heap History (10 events):
Event: 565.481 GC heap before
{Heap before GC invocations=104 (full 3):
 PSYoungGen      total 131072K, used 128815K [0x00000000f7b00000, 0x0000000100000000, 0x0000000100000000)
  eden space 128000K, 99% used [0x00000000f7b00000,0x00000000ff7fbe70,0x00000000ff800000)
  from space 3072K, 27% used [0x00000000ffa80000,0x00000000ffb50000,0x00000000ffd80000)
  to   space 2560K, 0% used [0x00000000ff800000,0x00000000ff800000,0x00000000ffa80000)
 ParOldGen       total 123392K, used 100862K [0x00000000e7000000, 0x00000000ee880000, 0x00000000f7b00000)
  object space 123392K, 81% used [0x00000000e7000000,0x00000000ed27fae8,0x00000000ee880000)
 Metaspace       used 43145K, capacity 43552K, committed 44200K, reserved 1087488K
  class space    used 5037K, capacity 5173K, committed 5296K, reserved 1048576K
Event: 565.489 GC heap after
Heap after GC invocations=104 (full 3):
 PSYoungGen      total 126464K, used 2560K [0x00000000f7b00000, 0x0000000100000000, 0x0000000100000000)
  eden space 123904K, 0% used [0x00000000f7b00000,0x00000000f7b00000,0x00000000ff400000)
  from space 2560K, 100% used [0x00000000ff800000,0x00000000ffa80000,0x00000000ffa80000)
  to   space 5632K, 0% used [0x00000000ffa80000,0x00000000ffa80000,0x0000000100000000)
 ParOldGen       total 123392K, used 120716K [0x00000000e7000000, 0x00000000ee880000, 0x00000000f7b00000)
  object space 123392K, 97% used [0x00000000e7000000,0x00000000ee5e33d8,0x00000000ee880000)
 Metaspace       used 43145K, capacity 43552K, committed 44200K, reserved 1087488K
  class space    used 5037K, capacity 5173K, committed 5296K, reserved 1048576K
}
Event: 565.489 GC heap before
{Heap before GC invocations=105 (full 4):
 PSYoungGen      total 126464K, used 2560K [0x00000000f7b00000, 0x0000000100000000, 0x0000000100000000)
  eden space 123904K, 0% used [0x00000000f7b00000,0x00000000f7b00000,0x00000000ff400000)
  from space 2560K, 100% used [0x00000000ff800000,0x00000000ffa80000,0x00000000ffa80000)
  to   space 5632K, 0% used [0x00000000ffa80000,0x00000000ffa80000,0x0000000100000000)
 ParOldGen       total 123392K, used 120716K [0x00000000e7000000, 0x00000000ee880000, 0x00000000f7b00000)
  object space 123392K, 97% used [0x00000000e7000000,0x00000000ee5e33d8,0x00000000ee880000)
 Metaspace       used 43145K, capacity 43552K, committed 44200K, reserved 1087488K
  class space    used 5037K, capacity 5173K, committed 5296K, reserved 1048576K
Event: 565.686 GC heap after
Heap after GC invocations=105 (full 4):
 PSYoungGen      total 126464K, used 0K [0x00000000f7b00000, 0x0000000100000000, 0x0000000100000000)
  eden space 123904K, 0% used [0x00000000f7b00000,0x00000000f7b00000,0x00000000ff400000)
  from space 2560K, 0% used [0x00000000ff800000,0x00000000ff800000,0x00000000ffa80000)
  to   space 5632K, 0% used [0x00000000ffa80000,0x00000000ffa80000,0x0000000100000000)
 ParOldGen       total 160256K, used 81170K [0x00000000e7000000, 0x00000000f0c80000, 0x00000000f7b00000)
  object space 160256K, 50% used [0x00000000e7000000,0x00000000ebf44900,0x00000000f0c80000)
 Metaspace       used 43127K, capacity 43516K, committed 44200K, reserved 1087488K
  class space    used 5032K, capacity 5163K, committed 5296K, reserved 1048576K
}
Event: 1114.153 GC heap before
{Heap before GC invocations=106 (full 4):
 PSYoungGen      total 126464K, used 123771K [0x00000000f7b00000, 0x0000000100000000, 0x0000000100000000)
  eden space 123904K, 99% used [0x00000000f7b00000,0x00000000ff3dece8,0x00000000ff400000)
  from space 2560K, 0% used [0x00000000ff800000,0x00000000ff800000,0x00000000ffa80000)
  to   space 5632K, 0% used [0x00000000ffa80000,0x00000000ffa80000,0x0000000100000000)
 ParOldGen       total 160256K, used 81170K [0x00000000e7000000, 0x00000000f0c80000, 0x00000000f7b00000)
  object space 160256K, 50% used [0x00000000e7000000,0x00000000ebf44900,0x00000000f0c80000)
 Metaspace       used 44110K, capacity 44468K, committed 45096K, reserved 1089536K
  class space    used 5211K, capacity 5329K, committed 5424K, reserved 1048576K
Event: 1114.169 GC heap after
Heap after GC invocations=106 (full 4):
 PSYoungGen      total 103936K, used 5615K [0x00000000f7b00000, 0x0000000100000000, 0x0000000100000000)
  eden space 98304K, 0% used [0x00000000f7b00000,0x00000000f7b00000,0x00000000fdb00000)
  from space 5632K, 99% used [0x00000000ffa80000,0x00000000ffffbe60,0x0000000100000000)
  to   space 18944K, 0% used [0x00000000fdb00000,0x00000000fdb00000,0x00000000fed80000)
 ParOldGen       total 160256K, used 103830K [0x00000000e7000000, 0x00000000f0c80000, 0x00000000f7b00000)
  object space 160256K, 64% used [0x00000000e7000000,0x00000000ed565a90,0x00000000f0c80000)
 Metaspace       used 44110K, capacity 44468K, committed 45096K, reserved 1089536K
  class space    used 5211K, capacity 5329K, committed 5424K, reserved 1048576K
}
Event: 1290.493 GC heap before
{Heap before GC invocations=107 (full 4):
 PSYoungGen      total 103936K, used 100096K [0x00000000f7b00000, 0x0000000100000000, 0x0000000100000000)
  eden space 98304K, 96% used [0x00000000f7b00000,0x00000000fd744450,0x00000000fdb00000)
  from space 5632K, 99% used [0x00000000ffa80000,0x00000000ffffbe60,0x0000000100000000)
  to   space 18944K, 0% used [0x00000000fdb00000,0x00000000fdb00000,0x00000000fed80000)
 ParOldGen       total 160256K, used 103830K [0x00000000e7000000, 0x00000000f0c80000, 0x00000000f7b00000)
  object space 160256K, 64% used [0x00000000e7000000,0x00000000ed565a90,0x00000000f0c80000)
 Metaspace       used 44169K, capacity 44532K, committed 45096K, reserved 1089536K
  class space    used 5212K, capacity 5329K, committed 5424K, reserved 1048576K
Event: 1290.520 GC heap after
Heap after GC invocations=107 (full 4):
 PSYoungGen      total 98816K, used 2707K [0x00000000f7b00000, 0x00000000ffc80000, 0x0000000100000000)
  eden space 95744K, 0% used [0x00000000f7b00000,0x00000000f7b00000,0x00000000fd880000)
  from space 3072K, 88% used [0x00000000fdb00000,0x00000000fdda4cb8,0x00000000fde00000)
  to   space 18432K, 0% used [0x00000000fea80000,0x00000000fea80000,0x00000000ffc80000)
 ParOldGen       total 160256K, used 108996K [0x00000000e7000000, 0x00000000f0c80000, 0x00000000f7b00000)
  object space 160256K, 68% used [0x00000000e7000000,0x00000000eda71168,0x00000000f0c80000)
 Metaspace       used 44169K, capacity 44532K, committed 45096K, reserved 1089536K
  class space    used 5212K, capacity 5329K, committed 5424K, reserved 1048576K
}
Event: 1348.941 GC heap before
{Heap before GC invocations=108 (full 4):
 PSYoungGen      total 98816K, used 98451K [0x00000000f7b00000, 0x00000000ffc80000, 0x0000000100000000)
  eden space 95744K, 100% used [0x00000000f7b00000,0x00000000fd880000,0x00000000fd880000)
  from space 3072K, 88% used [0x00000000fdb00000,0x00000000fdda4cb8,0x00000000fde00000)
  to   space 18432K, 0% used [0x00000000fea80000,0x00000000fea80000,0x00000000ffc80000)
 ParOldGen       total 160256K, used 108996K [0x00000000e7000000, 0x00000000f0c80000, 0x00000000f7b00000)
  object space 160256K, 68% used [0x00000000e7000000,0x00000000eda71168,0x00000000f0c80000)
 Metaspace       used 44322K, capacity 44666K, committed 45352K, reserved 1089536K
  class space    used 5214K, capacity 5330K, committed 5424K, reserved 1048576K
Event: 1348.975 GC heap after
Heap after GC invocations=108 (full 4):
 PSYoungGen      total 111616K, used 14850K [0x00000000f7b00000, 0x00000000ffe00000, 0x0000000100000000)
  eden space 93184K, 0% used [0x00000000f7b00000,0x00000000f7b00000,0x00000000fd600000)
  from space 18432K, 80% used [0x00000000fea80000,0x00000000ff9008a8,0x00000000ffc80000)
  to   space 20480K, 0% used [0x00000000fd600000,0x00000000fd600000,0x00000000fea00000)
 ParOldGen       total 160256K, used 109400K [0x00000000e7000000, 0x00000000f0c80000, 0x00000000f7b00000)
  object space 160256K, 68% used [0x00000000e7000000,0x00000000edad6228,0x00000000f0c80000)
 Metaspace       used 44322K, capacity 44666K, committed 45352K, reserved 1089536K
  class space    used 5214K, capacity 5330K, committed 5424K, reserved 1048576K
}

